Watching for file changes with StatReloader
C:\Users\Chay\source\repos\running_row\video_api\video\views.py changed, reloading.
Watching for file changes with StatReloader
"GET /generate_video/?text=%D0%B2%D0%B0%D1%88_%D1%82%D0%B5%D0%BA%D1%81%D1%82 HTTP/1.1" 200 86211
C:\Users\Chay\source\repos\running_row\video_api\video\views.py changed, reloading.
Watching for file changes with StatReloader
Watching for file changes with StatReloader
"GET /generate_video/?text=%D0%B2%D0%B0%D1%88_%D1%82%D0%B5%D0%BA%D1%81%D1%82 HTTP/1.1" 200 4654
Watching for file changes with StatReloader
"GET /generate_video/?text=%D0%B2%D0%B0%D1%88_%D1%82%D0%B5%D0%BA%D1%81%D1%82 HTTP/1.1" 200 4654
"GET /admin/auth/ HTTP/1.1" 200 5552
"GET /static/admin/css/base.css HTTP/1.1" 304 0
"GET /static/admin/css/dark_mode.css HTTP/1.1" 304 0
"GET /static/admin/css/nav_sidebar.css HTTP/1.1" 304 0
"GET /static/admin/css/dashboard.css HTTP/1.1" 304 0
"GET /static/admin/css/responsive.css HTTP/1.1" 304 0
"GET /static/admin/js/theme.js HTTP/1.1" 304 0
"GET /static/admin/js/nav_sidebar.js HTTP/1.1" 304 0
"GET /static/admin/img/icon-addlink.svg HTTP/1.1" 304 0
"GET /static/admin/img/icon-changelink.svg HTTP/1.1" 304 0
"GET /admin/auth/user/ HTTP/1.1" 200 10746
"GET /admin/jsi18n/ HTTP/1.1" 200 3342
"GET /static/admin/js/jquery.init.js HTTP/1.1" 200 347
"GET /static/admin/css/changelists.css HTTP/1.1" 200 6811
"GET /static/admin/js/urlify.js HTTP/1.1" 200 7887
"GET /static/admin/js/admin/RelatedObjectLookups.js HTTP/1.1" 200 9042
"GET /static/admin/js/core.js HTTP/1.1" 200 6208
"GET /static/admin/js/actions.js HTTP/1.1" 200 8067
"GET /static/admin/js/prepopulate.js HTTP/1.1" 200 1531
"GET /static/admin/img/search.svg HTTP/1.1" 200 458
"GET /static/admin/img/icon-yes.svg HTTP/1.1" 200 436
"GET /static/admin/js/vendor/jquery/jquery.js HTTP/1.1" 200 285314
"GET /static/admin/js/filters.js HTTP/1.1" 200 978
"GET /static/admin/js/vendor/xregexp/xregexp.js HTTP/1.1" 200 325171
"GET /static/admin/img/tooltag-add.svg HTTP/1.1" 200 331
"GET /static/admin/img/icon-viewlink.svg HTTP/1.1" 200 581
"GET /static/admin/img/sorting-icons.svg HTTP/1.1" 200 1097
"GET /admin/auth/ HTTP/1.1" 200 5552
"GET /admin/auth/group/ HTTP/1.1" 200 7241
"GET /admin/jsi18n/ HTTP/1.1" 200 3342
"GET /admin/auth/ HTTP/1.1" 200 5552
C:\Users\Chay\source\repos\running_row\video_api\video\views.py changed, reloading.
Watching for file changes with StatReloader
C:\Users\Chay\source\repos\running_row\video_api\video\models.py changed, reloading.
Watching for file changes with StatReloader
Internal Server Error: /generate_video/
"GET /generate_video/?text=%D0%B2%D0%B0%D1%88_%D1%82%D0%B5%D0%BA%D1%81%D1%82 HTTP/1.1" 500 23
Internal Server Error: /generate_video/
"GET /generate_video/?text=%D0%B2%D0%B0%D1%88_%D1%82%D0%B5%D0%BA%D1%81%D1%82 HTTP/1.1" 500 23
"GET /admin/auth/ HTTP/1.1" 200 5552
"GET /admin/auth/ HTTP/1.1" 200 5552
"GET /admin/auth/ HTTP/1.1" 200 5552
"GET /admin/auth/ HTTP/1.1" 200 5552
Watching for file changes with StatReloader
"GET /admin/auth/ HTTP/1.1" 200 5552
"GET /admin/auth/ HTTP/1.1" 200 5552
Internal Server Error: /generate_video/
"GET /generate_video/ HTTP/1.1" 500 23
Internal Server Error: /generate_video/
"GET /generate_video/ HTTP/1.1" 500 23
C:\Users\Chay\source\repos\running_row\video_api\video\views.py changed, reloading.
Watching for file changes with StatReloader
Watching for file changes with StatReloader
"GET /generate_video/?text=%D0%B2%D0%B0%D1%88_%D1%82%D0%B5%D0%BA%D1%81%D1%82 HTTP/1.1" 200 4654
C:\Users\Chay\source\repos\running_row\video_api\video\views.py changed, reloading.
Watching for file changes with StatReloader
"GET /generate_video/?text=%D0%B2%D0%B0%D1%88_%D1%82%D0%B5%D0%BA%D1%81%D1%82 HTTP/1.1" 200 4654
"GET /admin/auth/ HTTP/1.1" 200 5552
"GET /admin/auth/ HTTP/1.1" 200 5552
"GET /admin/auth/ HTTP/1.1" 200 5552
"GET /admin/auth/ HTTP/1.1" 200 5552
C:\Users\Chay\source\repos\running_row\video_api\video\admin.py changed, reloading.
Watching for file changes with StatReloader
C:\Users\Chay\source\repos\running_row\video_api\video\admin.py changed, reloading.
Watching for file changes with StatReloader
"GET /admin/auth/ HTTP/1.1" 200 5552
"GET /admin/auth/ HTTP/1.1" 200 5552
"GET /admin/auth/ HTTP/1.1" 200 5552
"GET /admin/auth/ HTTP/1.1" 200 5552
"GET /admin/auth/ HTTP/1.1" 200 5552
"GET /admin/auth/ HTTP/1.1" 200 5552
"GET /admin/auth/ HTTP/1.1" 200 5552
Watching for file changes with StatReloader
"GET /admin/auth/ HTTP/1.1" 200 5552
"GET /admin/auth/ HTTP/1.1" 200 5552
"GET /admin/auth/ HTTP/1.1" 200 5552
"GET /admin/auth/ HTTP/1.1" 200 5552
"GET /admin/ HTTP/1.1" 200 6204
"GET /admin/video/videorequest/ HTTP/1.1" 200 8784
"GET /admin/jsi18n/ HTTP/1.1" 200 3342
